Loading: 
Loading: 0 packages loaded
Analyzing: target //src/pso/main:summary (0 packages loaded, 0 targets configured)
INFO: Analyzed target //src/pso/main:summary (1 packages loaded, 111 targets configured).
INFO: Found 1 target...
[0 / 7] [Prepa] BazelWorkspaceStatusAction stable-status.txt
ERROR: /home/dom/tetrisai/cpp/src/BUILD:7:1: C++ compilation of rule '//src:shared' failed (Exit 1) gcc failed: error executing command /usr/bin/gcc -U_FORTIFY_SOURCE -fstack-protector -Wall -Wunused-but-set-parameter -Wno-free-nonheap-object -fno-omit-frame-pointer '-std=c++0x' -MD -MF ... (remaining 27 argument(s) skipped)

Use --sandbox_debug to see verbose messages from the sandbox
src/shared/BranchSearcher/defs.cpp:1:10: fatal error: src/shared/BranchSearcher/defs.h: No such file or directory
    1 | #include "src/shared/BranchSearcher/defs.h"
      |          ^~~~~~~~~~~~~~~~~~~~~~~~~~~~~~~~~~
compilation terminated.
Target //src/pso/main:summary failed to build
Use --verbose_failures to see the command lines of failed build steps.
INFO: Elapsed time: 0.588s, Critical Path: 0.48s
INFO: 0 processes.
FAILED: Build did NOT complete successfully
ERROR: Build failed. Not running target
FAILED: Build did NOT complete successfully
