Loading: 
Loading: 0 packages loaded
Analyzing: target //src/pso/main:summary (0 packages loaded, 0 targets configured)
INFO: Analyzed target //src/pso/main:summary (0 packages loaded, 0 targets configured).
INFO: Found 1 target...
[0 / 3] [Prepa] BazelWorkspaceStatusAction stable-status.txt
ERROR: /home/dom/tetrisai/cpp/src/pso/main/BUILD:37:1: C++ compilation of rule '//src/pso/main:summary' failed (Exit 1) gcc failed: error executing command /usr/bin/gcc -U_FORTIFY_SOURCE -fstack-protector -Wall -Wunused-but-set-parameter -Wno-free-nonheap-object -fno-omit-frame-pointer '-std=c++0x' -MD -MF ... (remaining 332 argument(s) skipped)

Use --sandbox_debug to see verbose messages from the sandbox
In file included from ./src/shared/NewGetNextMove.tpp:11,
                 from ./src/pso/NewEvaluateWeightingsFactory.tpp:4,
                 from ./src/pso/summary/SummaryApiUtility.tpp:7,
                 from ./src/pso/summary/SummaryApi.tpp:4,
                 from ./src/pso/summary/SummaryApi.h:38,
                 from src/pso/main/main_summary.cpp:1:
./src/shared/BranchSearcher/BranchSearcher.tpp:5:10: fatal error: src/shared/BranchSearcher/defs.tpp: No such file or directory
    5 | #include "src/shared/BranchSearcher/defs.tpp"
      |          ^~~~~~~~~~~~~~~~~~~~~~~~~~~~~~~~~~~~
compilation terminated.
Target //src/pso/main:summary failed to build
Use --verbose_failures to see the command lines of failed build steps.
INFO: Elapsed time: 0.834s, Critical Path: 0.74s
INFO: 3 processes: 3 linux-sandbox.
FAILED: Build did NOT complete successfully
ERROR: Build failed. Not running target
FAILED: Build did NOT complete successfully
