Loading: 
Loading: 0 packages loaded
Analyzing: target //src/pso/main:summary (0 packages loaded, 0 targets configured)
INFO: Analyzed target //src/pso/main:summary (0 packages loaded, 0 targets configured).
INFO: Found 1 target...
[0 / 2] [Prepa] BazelWorkspaceStatusAction stable-status.txt
ERROR: /home/dom/tetrisai/cpp/src/BUILD:12:1: C++ compilation of rule '//src:pso' failed (Exit 1) gcc failed: error executing command /usr/bin/gcc -U_FORTIFY_SOURCE -fstack-protector -Wall -Wunused-but-set-parameter -Wno-free-nonheap-object -fno-omit-frame-pointer '-std=c++0x' -MD -MF ... (remaining 328 argument(s) skipped)

Use --sandbox_debug to see verbose messages from the sandbox
In file included from ./src/pso/NewEvaluateWeightingsFactory.tpp:4,
                 from ./src/pso/summary/SummaryApiUtility.tpp:7,
                 from ./src/pso/summary/SummaryApi.tpp:4,
                 from ./src/pso/summary/SummaryApi.h:38,
                 from src/pso/summary/SummaryApi.cpp:1:
./src/shared/NewGetNextMove.tpp:12:10: fatal error: src/shared/BranchSearcher/defs.h: No such file or directory
   12 | #include "src/shared/BranchSearcher/defs.h"
      |          ^~~~~~~~~~~~~~~~~~~~~~~~~~~~~~~~~~
compilation terminated.
Target //src/pso/main:summary failed to build
Use --verbose_failures to see the command lines of failed build steps.
INFO: Elapsed time: 0.947s, Critical Path: 0.86s
INFO: 12 processes: 12 linux-sandbox.
FAILED: Build did NOT complete successfully
ERROR: Build failed. Not running target
FAILED: Build did NOT complete successfully
